<?xml version="1.0" encoding="utf-8"?><testsuites name="pytest tests"><testsuite name="pytest" errors="0" failures="0" skipped="0" tests="16" time="7.281" timestamp="2026-06-28T18:41:45.858886+00:00" hostname="agent-env-4f013fd1-3c6d-478a-9950-69c022465d4b"><testcase classname="backend.tests.test_shiftpe_api.TestAuth" name="test_send_otp_returns_mock" time="0.280" /><testcase classname="backend.tests.test_shiftpe_api.TestAuth" name="test_verify_wrong_otp_400" time="0.294" /><testcase classname="backend.tests.test_shiftpe_api.TestAuth" name="test_verify_correct_otp" time="0.296" /><testcase classname="backend.tests.test_shiftpe_api.TestAuth" name="test_me_without_token_401" time="0.147" /><testcase classname="backend.tests.test_shiftpe_api.TestAuth" name="test_me_invalid_token_401" time="0.109" /><testcase classname="backend.tests.test_shiftpe_api.TestAuth" name="test_me_with_valid_token" time="0.853" /><testcase classname="backend.tests.test_shiftpe_api.TestProfile" name="test_student_profile_persisted" time="0.112" /><testcase classname="backend.tests.test_shiftpe_api.TestProfile" name="test_shop_profile_persisted" time="0.098" /><testcase classname="backend.tests.test_shiftpe_api.TestDeck" name="test_student_sees_shop_owners" time="0.094" /><testcase classname="backend.tests.test_shiftpe_api.TestDeck" name="test_shop_sees_students" time="0.103" /><testcase classname="backend.tests.test_shiftpe_api.TestMatchFlow" name="test_mutual_like_creates_match" time="0.211" /><testcase classname="backend.tests.test_shiftpe_api.TestMatchFlow" name="test_matches_enriched" time="0.099" /><testcase classname="backend.tests.test_shiftpe_api.TestChat" name="test_post_get_message" time="0.195" /><testcase classname="backend.tests.test_shiftpe_api.TestChat" name="test_websocket_broadcast" time="0.413" /><testcase classname="backend.tests.test_shiftpe_api.TestAI" name="test_bio_suggestion" time="2.419" /><testcase classname="backend.tests.test_shiftpe_api.TestAI" name="test_match_recommendations" time="1.488" /></testsuite></testsuites>